captureActivity/build/outputs/logs/manifest-merger-debug-report.txt
-- Merging decision tree log ---
manifest
ADDED from src/main/AndroidManifest.xml:17:1-174:12
INJECTED from src/main/AndroidManifest.xml:17:1-174:12
INJECTED from src/main/AndroidManifest.xml:17:1-174:12
INJECTED from src/main/AndroidManifest.xml:17:1-174:12
INJECTED from src/main/AndroidManifest.xml:17:1-174:12
INJECTED from src/main/AndroidManifest.xml:17:1-174:12
INJECTED from src/main/AndroidManifest.xml:17:1-174:12
	package
		ADDED from src/main/AndroidManifest.xml:18:11-52
		INJECTED from src/main/AndroidManifest.xml
		INJECTED from src/main/AndroidManifest.xml
	android:versionName
		ADDED from src/main/AndroidManifest.xml:19:11-38
		INJECTED from src/main/AndroidManifest.xml
		INJECTED from src/main/AndroidManifest.xml
	xmlns:android
		ADDED from src/main/AndroidManifest.xml:17:11-69
	android:versionCode
		ADDED from src/main/AndroidManifest.xml:20:11-35
		INJECTED from src/main/AndroidManifest.xml
		INJECTED from src/main/AndroidManifest.xml
	android:installLocation
		ADDED from src/main/AndroidManifest.xml:21:11-41
uses-sdk
ADDED from src/main/AndroidManifest.xml:33:3-70
INJECTED from src/main/AndroidManifest.xml:33:3-70
INJECTED from src/main/AndroidManifest.xml:33:3-70
INJECTED from src/main/AndroidManifest.xml:33:3-70
INJECTED from src/main/AndroidManifest.xml:33:3-70
	android:targetSdkVersion
		ADDED from src/main/AndroidManifest.xml:33:39-68
		INJECTED from src/main/AndroidManifest.xml
		INJECTED from src/main/AndroidManifest.xml
	android:minSdkVersion
		ADDED from src/main/AndroidManifest.xml:33:13-38
		INJECTED from src/main/AndroidManifest.xml
		INJECTED from src/main/AndroidManifest.xml
uses-feature#android.hardware.camera
ADDED from src/main/AndroidManifest.xml:36:3-82
	android:required
		ADDED from src/main/AndroidManifest.xml:36:56-80
	android:name
		ADDED from src/main/AndroidManifest.xml:36:17-55
uses-feature#android.hardware.camera.front
ADDED from src/main/AndroidManifest.xml:37:3-88
	android:required
		ADDED from src/main/AndroidManifest.xml:37:62-86
	android:name
		ADDED from src/main/AndroidManifest.xml:37:17-61
uses-feature#android.hardware.camera.autofocus
ADDED from src/main/AndroidManifest.xml:38:3-92
	android:required
		ADDED from src/main/AndroidManifest.xml:38:66-90
	android:name
		ADDED from src/main/AndroidManifest.xml:38:17-65
uses-feature#android.hardware.camera.flash
ADDED from src/main/AndroidManifest.xml:39:3-88
	android:required
		ADDED from src/main/AndroidManifest.xml:39:62-86
	android:name
		ADDED from src/main/AndroidManifest.xml:39:17-61
uses-feature#android.hardware.screen.landscape
ADDED from src/main/AndroidManifest.xml:40:3-67
	android:name
		ADDED from src/main/AndroidManifest.xml:40:17-65
uses-feature#android.hardware.wifi
ADDED from src/main/AndroidManifest.xml:41:3-80
	android:required
		ADDED from src/main/AndroidManifest.xml:41:54-78
	android:name
		ADDED from src/main/AndroidManifest.xml:41:17-53
uses-feature#android.hardware.touchscreen
ADDED from src/main/AndroidManifest.xml:42:3-87
	android:required
		ADDED from src/main/AndroidManifest.xml:42:61-85
	android:name
		ADDED from src/main/AndroidManifest.xml:42:17-60
supports-screens
ADDED from src/main/AndroidManifest.xml:45:3-49:48
	android:largeScreens
		ADDED from src/main/AndroidManifest.xml:46:21-48
	android:smallScreens
		ADDED from src/main/AndroidManifest.xml:48:21-48
	android:normalScreens
		ADDED from src/main/AndroidManifest.xml:47:21-49
	android:xlargeScreens
		ADDED from src/main/AndroidManifest.xml:45:21-49
	android:anyDensity
		ADDED from src/main/AndroidManifest.xml:49:21-46
application
ADDED from src/main/AndroidManifest.xml:51:3-172:17
activity#com.google.zxing.client.android.CaptureActivity
ADDED from src/main/AndroidManifest.xml:52:5-95:16
	android:screenOrientation
		ADDED from src/main/AndroidManifest.xml:53:15-51
	android:clearTaskOnLaunch
		ADDED from src/main/AndroidManifest.xml:54:15-47
	android:stateNotNeeded
		ADDED from src/main/AndroidManifest.xml:55:15-44
	android:windowSoftInputMode
		ADDED from src/main/AndroidManifest.xml:58:15-62
	android:configChanges
		ADDED from src/main/AndroidManifest.xml:56:15-65
	android:theme
		ADDED from src/main/AndroidManifest.xml:57:15-73
	android:name
		ADDED from src/main/AndroidManifest.xml:52:15-46
intent-filter#android.intent.category.DEFAULT+com.google.zxing.client.android.SCAN
ADDED from src/main/AndroidManifest.xml:63:7-66:23
action#com.google.zxing.client.android.SCAN
ADDED from src/main/AndroidManifest.xml:64:9-70
	android:name
		ADDED from src/main/AndroidManifest.xml:64:17-68
category#android.intent.category.DEFAULT
ADDED from src/main/AndroidManifest.xml:65:9-67
	android:name
		ADDED from src/main/AndroidManifest.xml:65:19-65
intent-filter#android.intent.action.VIEW+android.intent.category.BROWSABLE+android.intent.category.DEFAULT
ADDED from src/main/AndroidManifest.xml:68:7-73:23
action#android.intent.action.VIEW
ADDED from src/main/AndroidManifest.xml:69:9-60
	android:name
		ADDED from src/main/AndroidManifest.xml:69:17-58
category#android.intent.category.BROWSABLE
ADDED from src/main/AndroidManifest.xml:71:9-69
	android:name
		ADDED from src/main/AndroidManifest.xml:71:19-67
data
ADDED from src/main/AndroidManifest.xml:72:9-92
	android:path
		ADDED from src/main/AndroidManifest.xml:72:70-90
	android:host
		ADDED from src/main/AndroidManifest.xml:72:37-69
	android:scheme
		ADDED from src/main/AndroidManifest.xml:72:15-36
	android:mimeType
		ADDED from src/main/AndroidManifest.xml:111:15-46
activity#com.google.zxing.client.android.PreferencesActivity
ADDED from src/main/AndroidManifest.xml:96:5-99:16
	android:stateNotNeeded
		ADDED from src/main/AndroidManifest.xml:98:15-44
	android:label
		ADDED from src/main/AndroidManifest.xml:97:15-55
	android:name
		ADDED from src/main/AndroidManifest.xml:96:15-50
activity#com.google.zxing.client.android.encode.EncodeActivity
ADDED from src/main/AndroidManifest.xml:100:5-119:16
	android:stateNotNeeded
		ADDED from src/main/AndroidManifest.xml:102:15-44
	android:label
		ADDED from src/main/AndroidManifest.xml:101:15-49
	android:name
		ADDED from src/main/AndroidManifest.xml:100:15-52
intent-filter#android.intent.category.DEFAULT+com.google.zxing.client.android.ENCODE
ADDED from src/main/AndroidManifest.xml:103:7-106:23
action#com.google.zxing.client.android.ENCODE
ADDED from src/main/AndroidManifest.xml:104:9-72
	android:name
		ADDED from src/main/AndroidManifest.xml:104:17-70
intent-filter#android.intent.action.SEND+android.intent.category.DEFAULT
ADDED from src/main/AndroidManifest.xml:108:7-112:23
action#android.intent.action.SEND
ADDED from src/main/AndroidManifest.xml:109:9-60
	android:name
		ADDED from src/main/AndroidManifest.xml:109:17-58
activity#com.google.zxing.client.android.book.SearchBookContentsActivity
ADDED from src/main/AndroidManifest.xml:120:5-129:16
	android:screenOrientation
		ADDED from src/main/AndroidManifest.xml:123:15-52
	android:stateNotNeeded
		ADDED from src/main/AndroidManifest.xml:122:15-44
	android:label
		ADDED from src/main/AndroidManifest.xml:121:15-47
	android:configChanges
		ADDED from src/main/AndroidManifest.xml:124:15-65
	android:name
		ADDED from src/main/AndroidManifest.xml:120:15-62
intent-filter#android.intent.category.DEFAULT+com.google.zxing.client.android.SEARCH_BOOK_CONTENTS
ADDED from src/main/AndroidManifest.xml:125:7-128:23
action#com.google.zxing.client.android.SEARCH_BOOK_CONTENTS
ADDED from src/main/AndroidManifest.xml:126:9-86
	android:name
		ADDED from src/main/AndroidManifest.xml:126:17-84
activity#com.google.zxing.client.android.share.ShareActivity
ADDED from src/main/AndroidManifest.xml:130:5-139:16
	android:screenOrientation
		ADDED from src/main/AndroidManifest.xml:133:15-47
	android:stateNotNeeded
		ADDED from src/main/AndroidManifest.xml:132:15-44
	android:label
		ADDED from src/main/AndroidManifest.xml:131:15-49
	android:theme
		ADDED from src/main/AndroidManifest.xml:134:15-57
	android:name
		ADDED from src/main/AndroidManifest.xml:130:15-50
intent-filter#android.intent.category.DEFAULT+com.google.zxing.client.android.SHARE
ADDED from src/main/AndroidManifest.xml:135:7-138:23
action#com.google.zxing.client.android.SHARE
ADDED from src/main/AndroidManifest.xml:136:9-71
	android:name
		ADDED from src/main/AndroidManifest.xml:136:17-69
activity#com.google.zxing.client.android.history.HistoryActivity
ADDED from src/main/AndroidManifest.xml:140:5-147:16
	android:stateNotNeeded
		ADDED from src/main/AndroidManifest.xml:142:15-44
	android:label
		ADDED from src/main/AndroidManifest.xml:141:15-52
	android:name
		ADDED from src/main/AndroidManifest.xml:140:15-54
intent-filter#android.intent.action.VIEW+android.intent.category.DEFAULT
ADDED from src/main/AndroidManifest.xml:143:7-146:23
activity#com.google.zxing.client.android.share.BookmarkPickerActivity
ADDED from src/main/AndroidManifest.xml:148:5-155:16
	android:stateNotNeeded
		ADDED from src/main/AndroidManifest.xml:150:15-44
	android:label
		ADDED from src/main/AndroidManifest.xml:149:15-59
	android:name
		ADDED from src/main/AndroidManifest.xml:148:15-59
intent-filter#android.intent.action.PICK+android.intent.category.DEFAULT
ADDED from src/main/AndroidManifest.xml:151:7-154:23
action#android.intent.action.PICK
ADDED from src/main/AndroidManifest.xml:152:9-60
	android:name
		ADDED from src/main/AndroidManifest.xml:152:17-58
activity#com.google.zxing.client.android.share.AppPickerActivity
ADDED from src/main/AndroidManifest.xml:156:5-164:16
	android:stateNotNeeded
		ADDED from src/main/AndroidManifest.xml:158:15-44
	android:label
		ADDED from src/main/AndroidManifest.xml:157:15-54
	android:configChanges
		ADDED from src/main/AndroidManifest.xml:159:15-50
	android:name
		ADDED from src/main/AndroidManifest.xml:156:15-54
activity#com.google.zxing.client.android.HelpActivity
ADDED from src/main/AndroidManifest.xml:165:5-171:16
	android:screenOrientation
		ADDED from src/main/AndroidManifest.xml:166:15-47
	android:name
		ADDED from src/main/AndroidManifest.xml:165:15-43